[  357226ms] [ERROR] Failed to load resource: net::ERR_INTERNET_DISCONNECTED @ https://biznesyol.vercel.app/api/users:0
[  357226ms] [ERROR] Failed to save profile: TypeError: Failed to fetch
    at https://biznesyol.vercel.app/_next/static/chunks/0os~m5rpx06wr.js:1:54095
    at onClick (https://biznesyol.vercel.app/_next/static/chunks/0os~m5rpx06wr.js:1:52383)
    at sJ (https://biznesyol.vercel.app/_next/static/chunks/0i3b7uw0._poj.js:1:162749)
    at https://biznesyol.vercel.app/_next/static/chunks/0i3b7uw0._poj.js:1:168645
    at tD (https://biznesyol.vercel.app/_next/static/chunks/0i3b7uw0._poj.js:1:30679)
    at s4 (https://biznesyol.vercel.app/_next/static/chunks/0i3b7uw0._poj.js:1:163982)
    at fz (https://biznesyol.vercel.app/_next/static/chunks/0i3b7uw0._poj.js:1:200718)
    at fT (https://biznesyol.vercel.app/_next/static/chunks/0i3b7uw0._poj.js:1:200540) @ https://biznesyol.vercel.app/_next/static/chunks/0os~m5rpx06wr.js:0
[  402115ms] [ERROR] Failed to load resource: net::ERR_INTERNET_DISCONNECTED @ https://biznesyol.vercel.app/api/survey:0
[  402115ms] [ERROR] Survey submit failed: TypeError: Failed to fetch
    at Y (https://biznesyol.vercel.app/_next/static/chunks/0os~m5rpx06wr.js:1:55040)
    at https://biznesyol.vercel.app/_next/static/chunks/0os~m5rpx06wr.js:1:54013
    at onClick (https://biznesyol.vercel.app/_next/static/chunks/0os~m5rpx06wr.js:1:39920)
    at sJ (https://biznesyol.vercel.app/_next/static/chunks/0i3b7uw0._poj.js:1:162749)
    at https://biznesyol.vercel.app/_next/static/chunks/0i3b7uw0._poj.js:1:168645
    at tD (https://biznesyol.vercel.app/_next/static/chunks/0i3b7uw0._poj.js:1:30679)
    at s4 (https://biznesyol.vercel.app/_next/static/chunks/0i3b7uw0._poj.js:1:163982)
    at fz (https://biznesyol.vercel.app/_next/static/chunks/0i3b7uw0._poj.js:1:200718)
    at fT (https://biznesyol.vercel.app/_next/static/chunks/0i3b7uw0._poj.js:1:200540) @ https://biznesyol.vercel.app/_next/static/chunks/0os~m5rpx06wr.js:0
[  402120ms] [ERROR] Failed to load resource: net::ERR_INTERNET_DISCONNECTED @ https://biznesyol.vercel.app/results?_rsc=wxzhg:0
[  402120ms] [ERROR] Failed to fetch RSC payload for https://biznesyol.vercel.app/results. Falling back to browser navigation. TypeError: Failed to fetch
    at T (https://biznesyol.vercel.app/_next/static/chunks/08llv77l96ooa.js:1:98697)
    at E (https://biznesyol.vercel.app/_next/static/chunks/08llv77l96ooa.js:1:96845)
    at E (https://biznesyol.vercel.app/_next/static/chunks/08llv77l96ooa.js:1:118582)
    at https://biznesyol.vercel.app/_next/static/chunks/08llv77l96ooa.js:1:117503
    at _ (https://biznesyol.vercel.app/_next/static/chunks/08llv77l96ooa.js:1:117541)
    at c (https://biznesyol.vercel.app/_next/static/chunks/08llv77l96ooa.js:1:122743)
    at c (https://biznesyol.vercel.app/_next/static/chunks/08llv77l96ooa.js:2:3744)
    at Object.action (https://biznesyol.vercel.app/_next/static/chunks/08llv77l96ooa.js:2:6654)
    at _ (https://biznesyol.vercel.app/_next/static/chunks/08llv77l96ooa.js:2:5849)
    at https://biznesyol.vercel.app/_next/static/chunks/08llv77l96ooa.js:2:6391 @ https://biznesyol.vercel.app/_next/static/chunks/08llv77l96ooa.js:0
[  438670ms] [ERROR] Failed to load resource: the server responded with a status of 400 () @ https://biznesyol.vercel.app/api/generate-plan:0
